This file contains any messages produced by compilers while
running configure, to aid debugging if configure makes a mistake.

It was created by libupnp configure 1.6.20, which was
generated by GNU Autoconf 2.69.  Invocation command line was

  $ ./configure 

## --------- ##
## Platform. ##
## --------- ##

hostname = aistoy-System-Product-Name
uname -m = x86_64
uname -r = 3.19.0-25-generic
uname -s = Linux
uname -v = #26~14.04.1-Ubuntu SMP Fri Jul 24 21:16:20 UTC 2015

/usr/bin/uname -p = unknown
/bin/uname -X     = unknown

/bin/arch              = unknown
/usr/bin/arch -k       = unknown
/usr/convex/getsysinfo = unknown
/usr/bin/hostinfo      = unknown
/bin/machine           = unknown
/usr/bin/oslevel       = unknown
/bin/universe          = unknown

PATH: /usr/local/sbin
PATH: /usr/local/bin
PATH: /usr/sbin
PATH: /usr/bin
PATH: /sbin
PATH: /bin
PATH: /usr/games
PATH: /usr/local/games
PATH: /home/heenbo/work/openwrt-bb/staging_dir/toolchain-mips_34kc_gcc-4.8-linaro_uClibc-0.9.33.2/bin


## ----------- ##
## Core tests. ##
## ----------- ##

configure:2397: checking for a BSD-compatible install
configure:2465: result: /usr/bin/install -c
configure:2476: checking whether build environment is sane
configure:2531: result: yes
configure:2682: checking for a thread-safe mkdir -p
configure:2721: result: /bin/mkdir -p
configure:2728: checking for gawk
configure:2744: found /usr/bin/gawk
configure:2755: result: gawk
configure:2766: checking whether make sets $(MAKE)
configure:2788: result: yes
configure:2817: checking whether make supports nested variables
configure:2834: result: yes
configure:2927: checking build system type
configure:2941: result: x86_64-unknown-linux-gnu
configure:2961: checking host system type
configure:2974: result: x86_64-unknown-linux-gnu
configure:3041: checking for --enable-debug
configure:3049: result: no
configure:3081: checking for --enable-client
configure:3089: result: yes
configure:3108: checking for --enable-device
configure:3116: result: yes
configure:3138: checking for --enable-webserver
configure:3146: result: yes
configure:3173: checking for --enable-ssdp
configure:3181: result: yes
configure:3199: checking for --enable-optssdp
configure:3207: result: yes
configure:3226: checking for --enable-soap
configure:3234: result: yes
configure:3252: checking for --enable-gena
configure:3260: result: yes
configure:3288: checking for --enable-tools
configure:3296: result: yes
configure:3314: checking for --enable-ipv6
configure:3322: result: no
configure:3340: checking for --enable-unspecified_server
configure:3348: result: no
configure:3366: checking for --enable-notification_reordering
configure:3374: result: yes
configure:3392: checking for --enable-blocking_tcp_connections
configure:3400: result: yes
configure:3419: checking for --enable-samples
configure:3427: result: yes
configure:3448: checking for documentation directory
configure:3474: result: ${datarootdir}/doc/libupnp-1.6.20
configure:3529: checking for gcc
configure:3545: found /usr/bin/gcc
configure:3556: result: gcc
configure:3785: checking for C compiler version
configure:3794: gcc --version >&5
gcc (Ubuntu 4.8.4-2ubuntu1~14.04.3) 4.8.4
Copyright (C) 2013 Free Software Foundation, Inc.
This is free software; see the source for copying conditions.  There is NO
warranty; not even for MERCHANTABILITY or FITNESS FOR A PARTICULAR PURPOSE.

configure:3805: $? = 0
configure:3794: gcc -v >&5
Using built-in specs.
COLLECT_GCC=gcc
COLLECT_LTO_WRAPPER=/usr/lib/gcc/x86_64-linux-gnu/4.8/lto-wrapper
Target: x86_64-linux-gnu
Configured with: ../src/configure -v --with-pkgversion='Ubuntu 4.8.4-2ubuntu1~14.04.3' --with-bugurl=file:///usr/share/doc/gcc-4.8/README.Bugs --enable-languages=c,c++,java,go,d,fortran,objc,obj-c++ --prefix=/usr --program-suffix=-4.8 --enable-shared --enable-linker-build-id --libexecdir=/usr/lib --without-included-gettext --enable-threads=posix --with-gxx-include-dir=/usr/include/c++/4.8 --libdir=/usr/lib --enable-nls --with-sysroot=/ --enable-clocale=gnu --enable-libstdcxx-debug --enable-libstdcxx-time=yes --enable-gnu-unique-object --disable-libmudflap --enable-plugin --with-system-zlib --disable-browser-plugin --enable-java-awt=gtk --enable-gtk-cairo --with-java-home=/usr/lib/jvm/java-1.5.0-gcj-4.8-amd64/jre --enable-java-home --with-jvm-root-dir=/usr/lib/jvm/java-1.5.0-gcj-4.8-amd64 --with-jvm-jar-dir=/usr/lib/jvm-exports/java-1.5.0-gcj-4.8-amd64 --with-arch-directory=amd64 --with-ecj-jar=/usr/share/java/eclipse-ecj.jar --enable-objc-gc --enable-multiarch --disable-werror --with-arch-32=i686 --with-abi=m64 --with-multilib-list=m32,m64,mx32 --with-tune=generic --enable-checking=release --build=x86_64-linux-gnu --host=x86_64-linux-gnu --target=x86_64-linux-gnu
Thread model: posix
gcc version 4.8.4 (Ubuntu 4.8.4-2ubuntu1~14.04.3) 
configure:3805: $? = 0
configure:3794: gcc -V >&5
gcc: error: unrecognized command line option '-V'
gcc: fatal error: no input files
compilation terminated.
configure:3805: $? = 4
configure:3794: gcc -qversion >&5
gcc: error: unrecognized command line option '-qversion'
gcc: fatal error: no input files
compilation terminated.
configure:3805: $? = 4
configure:3825: checking whether the C compiler works
configure:3847: gcc    conftest.c  >&5
configure:3851: $? = 0
configure:3899: result: yes
configure:3902: checking for C compiler default output file name
configure:3904: result: a.out
configure:3910: checking for suffix of executables
configure:3917: gcc -o conftest    conftest.c  >&5
configure:3921: $? = 0
configure:3943: result: 
configure:3965: checking whether we are cross compiling
configure:3973: gcc -o conftest    conftest.c  >&5
configure:3977: $? = 0
configure:3984: ./conftest
configure:3988: $? = 0
configure:4003: result: no
configure:4008: checking for suffix of object files
configure:4030: gcc -c   conftest.c >&5
configure:4034: $? = 0
configure:4055: result: o
configure:4059: checking whether we are using the GNU C compiler
configure:4078: gcc -c   conftest.c >&5
configure:4078: $? = 0
configure:4087: result: yes
configure:4096: checking whether gcc accepts -g
configure:4116: gcc -c -g  conftest.c >&5
configure:4116: $? = 0
configure:4157: result: yes
configure:4174: checking for gcc option to accept ISO C89
configure:4237: gcc  -c -g -O2  conftest.c >&5
configure:4237: $? = 0
configure:4250: result: none needed
configure:4281: checking for style of include used by make
configure:4309: result: GNU
configure:4335: checking dependency style of gcc
configure:4446: result: gcc3
configure:4462: checking whether gcc and cc understand -c and -o together
configure:4493: gcc -c conftest.c -o conftest2.o >&5
configure:4497: $? = 0
configure:4503: gcc -c conftest.c -o conftest2.o >&5
configure:4507: $? = 0
configure:4518: cc -c conftest.c >&5
configure:4522: $? = 0
configure:4530: cc -c conftest.c -o conftest2.o >&5
configure:4534: $? = 0
configure:4540: cc -c conftest.c -o conftest2.o >&5
configure:4544: $? = 0
configure:4562: result: yes
configure:4637: checking for ar
configure:4653: found /usr/bin/ar
configure:4664: result: ar
configure:4690: checking the archiver (ar) interface
configure:4700: gcc -c -g -O2  conftest.c >&5
configure:4700: $? = 0
configure:4702: ar cru libconftest.a conftest.o >&5
configure:4705: $? = 0
configure:4728: result: ar
configure:4794: checking how to print strings
configure:4821: result: printf
configure:4842: checking for a sed that does not truncate output
configure:4906: result: /bin/sed
configure:4924: checking for grep that handles long lines and -e
configure:4982: result: /bin/grep
configure:4987: checking for egrep
configure:5049: result: /bin/grep -E
configure:5054: checking for fgrep
configure:5116: result: /bin/grep -F
configure:5151: checking for ld used by gcc
configure:5218: result: /usr/bin/ld
configure:5225: checking if the linker (/usr/bin/ld) is GNU ld
configure:5240: result: yes
configure:5252: checking for BSD- or MS-compatible name lister (nm)
configure:5301: result: /usr/bin/nm -B
configure:5431: checking the name lister (/usr/bin/nm -B) interface
configure:5438: gcc -c -g -O2  conftest.c >&5
configure:5441: /usr/bin/nm -B "conftest.o"
configure:5444: output
0000000000000000 B some_variable
configure:5451: result: BSD nm
configure:5454: checking whether ln -s works
configure:5458: result: yes
configure:5466: checking the maximum length of command line arguments
configure:5596: result: 1572864
configure:5613: checking whether the shell understands some XSI constructs
configure:5623: result: yes
configure:5627: checking whether the shell understands "+="
configure:5633: result: yes
configure:5668: checking how to convert x86_64-unknown-linux-gnu file names to x86_64-unknown-linux-gnu format
configure:5708: result: func_convert_file_noop
configure:5715: checking how to convert x86_64-unknown-linux-gnu file names to toolchain format
configure:5735: result: func_convert_file_noop
configure:5742: checking for /usr/bin/ld option to reload object files
configure:5749: result: -r
configure:5823: checking for objdump
configure:5839: found /usr/bin/objdump
configure:5850: result: objdump
configure:5882: checking how to recognize dependent libraries
configure:6084: result: pass_all
configure:6169: checking for dlltool
configure:6199: result: no
configure:6229: checking how to associate runtime and link libraries
configure:6256: result: printf %s\n
configure:6380: checking for archiver @FILE support
configure:6397: gcc -c -g -O2  conftest.c >&5
configure:6397: $? = 0
configure:6400: ar cru libconftest.a @conftest.lst >&5
configure:6403: $? = 0
configure:6408: ar cru libconftest.a @conftest.lst >&5
ar: conftest.o: No such file or directory
configure:6411: $? = 1
configure:6423: result: @
configure:6481: checking for strip
configure:6497: found /usr/bin/strip
configure:6508: result: strip
configure:6580: checking for ranlib
configure:6596: found /usr/bin/ranlib
configure:6607: result: ranlib
configure:6709: checking command to parse /usr/bin/nm -B output from gcc object
configure:6829: gcc -c -g -O2  conftest.c >&5
configure:6832: $? = 0
configure:6836: /usr/bin/nm -B conftest.o \| sed -n -e 's/^.*[ ]\([ABCDGIRSTW][ABCDGIRSTW]*\)[ ][ ]*\([_A-Za-z][_A-Za-z0-9]*\)$/\1 \2 \2/p' | sed '/ __gnu_lto/d' \> conftest.nm
configure:6839: $? = 0
configure:6905: gcc -o conftest -g -O2   conftest.c conftstm.o >&5
configure:6908: $? = 0
configure:6946: result: ok
configure:6983: checking for sysroot
configure:7013: result: no
configure:7090: gcc -c -g -O2  conftest.c >&5
configure:7093: $? = 0
configure:7275: checking for mt
configure:7291: found /bin/mt
configure:7302: result: mt
configure:7325: checking if mt is a manifest tool
configure:7331: mt '-?'
configure:7339: result: no
configure:7981: checking how to run the C preprocessor
configure:8012: gcc -E  conftest.c
configure:8012: $? = 0
configure:8026: gcc -E  conftest.c
conftest.c:27:28: fatal error: ac_nonexistent.h: No such file or directory
 #include <ac_nonexistent.h>
                            ^
compilation terminated.
configure:8026: $? = 1
configure: failed program was:
| /* confdefs.h */
| #define PACKAGE_NAME "libupnp"
| #define PACKAGE_TARNAME "libupnp"
| #define PACKAGE_VERSION "1.6.20"
| #define PACKAGE_STRING "libupnp 1.6.20"
| #define PACKAGE_BUGREPORT "mroberto@users.sourceforge.net"
| #define PACKAGE_URL ""
| #define PACKAGE "libupnp"
| #define VERSION "1.6.20"
| #define UPNP_VERSION_STRING "1.6.20"
| #define UPNP_VERSION_MAJOR 1
| #define UPNP_VERSION_MINOR 6
| #define UPNP_VERSION_PATCH 20
| #define NO_DEBUG 1
| #define NDEBUG 1
| #define UPNP_HAVE_CLIENT 1
| #define UPNP_HAVE_DEVICE 1
| #define UPNP_HAVE_WEBSERVER 1
| #define UPNP_HAVE_SSDP 1
| #define UPNP_HAVE_OPTSSDP 1
| #define UPNP_HAVE_SOAP 1
| #define UPNP_HAVE_GENA 1
| #define UPNP_HAVE_TOOLS 1
| #define UPNP_ENABLE_NOTIFICATION_REORDERING 1
| #define UPNP_ENABLE_BLOCKING_TCP_CONNECTIONS 1
| /* end confdefs.h.  */
| #include <ac_nonexistent.h>
configure:8051: result: gcc -E
configure:8071: gcc -E  conftest.c
configure:8071: $? = 0
configure:8085: gcc -E  conftest.c
conftest.c:27:28: fatal error: ac_nonexistent.h: No such file or directory
 #include <ac_nonexistent.h>
                            ^
compilation terminated.
configure:8085: $? = 1
configure: failed program was:
| /* confdefs.h */
| #define PACKAGE_NAME "libupnp"
| #define PACKAGE_TARNAME "libupnp"
| #define PACKAGE_VERSION "1.6.20"
| #define PACKAGE_STRING "libupnp 1.6.20"
| #define PACKAGE_BUGREPORT "mroberto@users.sourceforge.net"
| #define PACKAGE_URL ""
| #define PACKAGE "libupnp"
| #define VERSION "1.6.20"
| #define UPNP_VERSION_STRING "1.6.20"
| #define UPNP_VERSION_MAJOR 1
| #define UPNP_VERSION_MINOR 6
| #define UPNP_VERSION_PATCH 20
| #define NO_DEBUG 1
| #define NDEBUG 1
| #define UPNP_HAVE_CLIENT 1
| #define UPNP_HAVE_DEVICE 1
| #define UPNP_HAVE_WEBSERVER 1
| #define UPNP_HAVE_SSDP 1
| #define UPNP_HAVE_OPTSSDP 1
| #define UPNP_HAVE_SOAP 1
| #define UPNP_HAVE_GENA 1
| #define UPNP_HAVE_TOOLS 1
| #define UPNP_ENABLE_NOTIFICATION_REORDERING 1
| #define UPNP_ENABLE_BLOCKING_TCP_CONNECTIONS 1
| /* end confdefs.h.  */
| #include <ac_nonexistent.h>
configure:8114: checking for ANSI C header files
configure:8134: gcc -c -g -O2  conftest.c >&5
configure:8134: $? = 0
configure:8207: gcc -o conftest -g -O2   conftest.c  >&5
configure:8207: $? = 0
configure:8207: ./conftest
configure:8207: $? = 0
configure:8218: result: yes
configure:8231: checking for sys/types.h
configure:8231: gcc -c -g -O2  conftest.c >&5
configure:8231: $? = 0
configure:8231: result: yes
configure:8231: checking for sys/stat.h
configure:8231: gcc -c -g -O2  conftest.c >&5
configure:8231: $? = 0
configure:8231: result: yes
configure:8231: checking for stdlib.h
configure:8231: gcc -c -g -O2  conftest.c >&5
configure:8231: $? = 0
configure:8231: result: yes
configure:8231: checking for string.h
configure:8231: gcc -c -g -O2  conftest.c >&5
configure:8231: $? = 0
configure:8231: result: yes
configure:8231: checking for memory.h
configure:8231: gcc -c -g -O2  conftest.c >&5
configure:8231: $? = 0
configure:8231: result: yes
configure:8231: checking for strings.h
configure:8231: gcc -c -g -O2  conftest.c >&5
configure:8231: $? = 0
configure:8231: result: yes
configure:8231: checking for inttypes.h
configure:8231: gcc -c -g -O2  conftest.c >&5
configure:8231: $? = 0
configure:8231: result: yes
configure:8231: checking for stdint.h
configure:8231: gcc -c -g -O2  conftest.c >&5
configure:8231: $? = 0
configure:8231: result: yes
configure:8231: checking for unistd.h
configure:8231: gcc -c -g -O2  conftest.c >&5
configure:8231: $? = 0
configure:8231: result: yes
configure:8245: checking for dlfcn.h
configure:8245: gcc -c -g -O2  conftest.c >&5
configure:8245: $? = 0
configure:8245: result: yes
configure:8451: checking for objdir
configure:8466: result: .libs
configure:8737: checking if gcc supports -fno-rtti -fno-exceptions
configure:8755: gcc -c -g -O2  -fno-rtti -fno-exceptions conftest.c >&5
cc1: warning: command line option '-fno-rtti' is valid for C++/ObjC++ but not for C [enabled by default]
configure:8759: $? = 0
configure:8772: result: no
configure:9099: checking for gcc option to produce PIC
configure:9106: result: -fPIC -DPIC
configure:9114: checking if gcc PIC flag -fPIC -DPIC works
configure:9132: gcc -c -g -O2  -fPIC -DPIC -DPIC conftest.c >&5
configure:9136: $? = 0
configure:9149: result: yes
configure:9178: checking if gcc static flag -static works
configure:9206: result: yes
configure:9221: checking if gcc supports -c -o file.o
configure:9242: gcc -c -g -O2  -o out/conftest2.o conftest.c >&5
configure:9246: $? = 0
configure:9268: result: yes
configure:9276: checking if gcc supports -c -o file.o
configure:9323: result: yes
configure:9356: checking whether the gcc linker (/usr/bin/ld -m elf_x86_64) supports shared libraries
configure:10509: result: yes
configure:10546: checking whether -lc should be explicitly linked in
configure:10554: gcc -c -g -O2  conftest.c >&5
configure:10557: $? = 0
configure:10572: gcc -shared  -fPIC -DPIC conftest.o  -v -Wl,-soname -Wl,conftest -o conftest 2\>\&1 \| /bin/grep  -lc  \>/dev/null 2\>\&1
configure:10575: $? = 0
configure:10589: result: no
configure:10749: checking dynamic linker characteristics
configure:11260: gcc -o conftest -g -O2   -Wl,-rpath -Wl,/foo conftest.c  >&5
configure:11260: $? = 0
configure:11482: result: GNU/Linux ld.so
configure:11589: checking how to hardcode library paths into programs
configure:11614: result: immediate
configure:12154: checking whether stripping libraries is possible
configure:12159: result: yes
configure:12194: checking if libtool supports shared libraries
configure:12196: result: yes
configure:12199: checking whether to build shared libraries
configure:12220: result: yes
configure:12223: checking whether to build static libraries
configure:12227: result: yes
configure:12265: checking whether make sets $(MAKE)
configure:12287: result: yes
configure:12296: checking for egrep
configure:12358: result: /bin/grep -E
configure:12447: checking CFLAGS for gcc -Os
configure:12474: gcc -c -g -O2 -pedantic -Werror  -Os  conftest.c >&5
configure:12474: $? = 0
configure:12488: result: -Os
configure:12500: : CFLAGS="$CFLAGS $ac_cv_cflags_gcc_option__Os"
configure:12503: $? = 0
configure:12514: checking CFLAGS for maximum warnings
configure:12541: gcc -c -g -O2 -Os -pedantic  -Wall  conftest.c >&5
configure:12541: $? = 0
configure:12555: result: -Wall
configure:12568: : CFLAGS="$CFLAGS $ac_cv_cflags_warn_all"
configure:12571: $? = 0
configure:12584: checking for size_t
configure:12584: gcc -c -g -O2 -Os -Wall  conftest.c >&5
configure:12584: $? = 0
configure:12584: gcc -c -g -O2 -Os -Wall  conftest.c >&5
conftest.c: In function 'main':
conftest.c:75:21: error: expected expression before ')' token
 if (sizeof ((size_t)))
                     ^
configure:12584: $? = 1
configure: failed program was:
| /* confdefs.h */
| #define PACKAGE_NAME "libupnp"
| #define PACKAGE_TARNAME "libupnp"
| #define PACKAGE_VERSION "1.6.20"
| #define PACKAGE_STRING "libupnp 1.6.20"
| #define PACKAGE_BUGREPORT "mroberto@users.sourceforge.net"
| #define PACKAGE_URL ""
| #define PACKAGE "libupnp"
| #define VERSION "1.6.20"
| #define UPNP_VERSION_STRING "1.6.20"
| #define UPNP_VERSION_MAJOR 1
| #define UPNP_VERSION_MINOR 6
| #define UPNP_VERSION_PATCH 20
| #define NO_DEBUG 1
| #define NDEBUG 1
| #define UPNP_HAVE_CLIENT 1
| #define UPNP_HAVE_DEVICE 1
| #define UPNP_HAVE_WEBSERVER 1
| #define UPNP_HAVE_SSDP 1
| #define UPNP_HAVE_OPTSSDP 1
| #define UPNP_HAVE_SOAP 1
| #define UPNP_HAVE_GENA 1
| #define UPNP_HAVE_TOOLS 1
| #define UPNP_ENABLE_NOTIFICATION_REORDERING 1
| #define UPNP_ENABLE_BLOCKING_TCP_CONNECTIONS 1
| #define STDC_HEADERS 1
| #define HAVE_SYS_TYPES_H 1
| #define HAVE_SYS_STAT_H 1
| #define HAVE_STDLIB_H 1
| #define HAVE_STRING_H 1
| #define HAVE_MEMORY_H 1
| #define HAVE_STRINGS_H 1
| #define HAVE_INTTYPES_H 1
| #define HAVE_STDINT_H 1
| #define HAVE_UNISTD_H 1
| #define HAVE_DLFCN_H 1
| #define LT_OBJDIR ".libs/"
| /* end confdefs.h.  */
| #include <stdio.h>
| #ifdef HAVE_SYS_TYPES_H
| # include <sys/types.h>
| #endif
| #ifdef HAVE_SYS_STAT_H
| # include <sys/stat.h>
| #endif
| #ifdef STDC_HEADERS
| # include <stdlib.h>
| # include <stddef.h>
| #else
| # ifdef HAVE_STDLIB_H
| #  include <stdlib.h>
| # endif
| #endif
| #ifdef HAVE_STRING_H
| # if !defined STDC_HEADERS && defined HAVE_MEMORY_H
| #  include <memory.h>
| # endif
| # include <string.h>
| #endif
| #ifdef HAVE_STRINGS_H
| # include <strings.h>
| #endif
| #ifdef HAVE_INTTYPES_H
| # include <inttypes.h>
| #endif
| #ifdef HAVE_STDINT_H
| # include <stdint.h>
| #endif
| #ifdef HAVE_UNISTD_H
| # include <unistd.h>
| #endif
| int
| main ()
| {
| if (sizeof ((size_t)))
| 	    return 0;
|   ;
|   return 0;
| }
configure:12584: result: yes
configure:12595: checking for off_t
configure:12595: gcc -c -g -O2 -Os -Wall  conftest.c >&5
configure:12595: $? = 0
configure:12595: gcc -c -g -O2 -Os -Wall  conftest.c >&5
conftest.c: In function 'main':
conftest.c:75:20: error: expected expression before ')' token
 if (sizeof ((off_t)))
                    ^
configure:12595: $? = 1
configure: failed program was:
| /* confdefs.h */
| #define PACKAGE_NAME "libupnp"
| #define PACKAGE_TARNAME "libupnp"
| #define PACKAGE_VERSION "1.6.20"
| #define PACKAGE_STRING "libupnp 1.6.20"
| #define PACKAGE_BUGREPORT "mroberto@users.sourceforge.net"
| #define PACKAGE_URL ""
| #define PACKAGE "libupnp"
| #define VERSION "1.6.20"
| #define UPNP_VERSION_STRING "1.6.20"
| #define UPNP_VERSION_MAJOR 1
| #define UPNP_VERSION_MINOR 6
| #define UPNP_VERSION_PATCH 20
| #define NO_DEBUG 1
| #define NDEBUG 1
| #define UPNP_HAVE_CLIENT 1
| #define UPNP_HAVE_DEVICE 1
| #define UPNP_HAVE_WEBSERVER 1
| #define UPNP_HAVE_SSDP 1
| #define UPNP_HAVE_OPTSSDP 1
| #define UPNP_HAVE_SOAP 1
| #define UPNP_HAVE_GENA 1
| #define UPNP_HAVE_TOOLS 1
| #define UPNP_ENABLE_NOTIFICATION_REORDERING 1
| #define UPNP_ENABLE_BLOCKING_TCP_CONNECTIONS 1
| #define STDC_HEADERS 1
| #define HAVE_SYS_TYPES_H 1
| #define HAVE_SYS_STAT_H 1
| #define HAVE_STDLIB_H 1
| #define HAVE_STRING_H 1
| #define HAVE_MEMORY_H 1
| #define HAVE_STRINGS_H 1
| #define HAVE_INTTYPES_H 1
| #define HAVE_STDINT_H 1
| #define HAVE_UNISTD_H 1
| #define HAVE_DLFCN_H 1
| #define LT_OBJDIR ".libs/"
| /* end confdefs.h.  */
| #include <stdio.h>
| #ifdef HAVE_SYS_TYPES_H
| # include <sys/types.h>
| #endif
| #ifdef HAVE_SYS_STAT_H
| # include <sys/stat.h>
| #endif
| #ifdef STDC_HEADERS
| # include <stdlib.h>
| # include <stddef.h>
| #else
| # ifdef HAVE_STDLIB_H
| #  include <stdlib.h>
| # endif
| #endif
| #ifdef HAVE_STRING_H
| # if !defined STDC_HEADERS && defined HAVE_MEMORY_H
| #  include <memory.h>
| # endif
| # include <string.h>
| #endif
| #ifdef HAVE_STRINGS_H
| # include <strings.h>
| #endif
| #ifdef HAVE_INTTYPES_H
| # include <inttypes.h>
| #endif
| #ifdef HAVE_STDINT_H
| # include <stdint.h>
| #endif
| #ifdef HAVE_UNISTD_H
| # include <unistd.h>
| #endif
| int
| main ()
| {
| if (sizeof ((off_t)))
| 	    return 0;
|   ;
|   return 0;
| }
configure:12595: result: yes
configure:12617: checking for Win32
configure:12634: gcc -c -g -O2 -Os -Wall  conftest.c >&5
configure:12634: $? = 0
configure:12644: result: no
configure:12652: checking for ANSI C header files
configure:12756: result: yes
configure:12784: checking arpa/inet.h usability
configure:12784: gcc -c -g -O2 -Os -Wall  conftest.c >&5
configure:12784: $? = 0
configure:12784: result: yes
configure:12784: checking arpa/inet.h presence
configure:12784: gcc -E  conftest.c
configure:12784: $? = 0
configure:12784: result: yes
configure:12784: checking for arpa/inet.h
configure:12784: result: yes
configure:12784: checking fcntl.h usability
configure:12784: gcc -c -g -O2 -Os -Wall  conftest.c >&5
configure:12784: $? = 0
configure:12784: result: yes
configure:12784: checking fcntl.h presence
configure:12784: gcc -E  conftest.c
configure:12784: $? = 0
configure:12784: result: yes
configure:12784: checking for fcntl.h
configure:12784: result: yes
configure:12784: checking for inttypes.h
configure:12784: result: yes
configure:12784: checking limits.h usability
configure:12784: gcc -c -g -O2 -Os -Wall  conftest.c >&5
configure:12784: $? = 0
configure:12784: result: yes
configure:12784: checking limits.h presence
configure:12784: gcc -E  conftest.c
configure:12784: $? = 0
configure:12784: result: yes
configure:12784: checking for limits.h
configure:12784: result: yes
configure:12784: checking netdb.h usability
configure:12784: gcc -c -g -O2 -Os -Wall  conftest.c >&5
configure:12784: $? = 0
configure:12784: result: yes
configure:12784: checking netdb.h presence
configure:12784: gcc -E  conftest.c
configure:12784: $? = 0
configure:12784: result: yes
configure:12784: checking for netdb.h
configure:12784: result: yes
configure:12784: checking netinet/in.h usability
configure:12784: gcc -c -g -O2 -Os -Wall  conftest.c >&5
configure:12784: $? = 0
configure:12784: result: yes
configure:12784: checking netinet/in.h presence
configure:12784: gcc -E  conftest.c
configure:12784: $? = 0
configure:12784: result: yes
configure:12784: checking for netinet/in.h
configure:12784: result: yes
configure:12784: checking for stdlib.h
configure:12784: result: yes
configure:12784: checking for string.h
configure:12784: result: yes
configure:12784: checking sys/ioctl.h usability
configure:12784: gcc -c -g -O2 -Os -Wall  conftest.c >&5
configure:12784: $? = 0
configure:12784: result: yes
configure:12784: checking sys/ioctl.h presence
configure:12784: gcc -E  conftest.c
configure:12784: $? = 0
configure:12784: result: yes
configure:12784: checking for sys/ioctl.h
configure:12784: result: yes
configure:12784: checking sys/socket.h usability
configure:12784: gcc -c -g -O2 -Os -Wall  conftest.c >&5
configure:12784: $? = 0
configure:12784: result: yes
configure:12784: checking sys/socket.h presence
configure:12784: gcc -E  conftest.c
configure:12784: $? = 0
configure:12784: result: yes
configure:12784: checking for sys/socket.h
configure:12784: result: yes
configure:12784: checking sys/time.h usability
configure:12784: gcc -c -g -O2 -Os -Wall  conftest.c >&5
configure:12784: $? = 0
configure:12784: result: yes
configure:12784: checking sys/time.h presence
configure:12784: gcc -E  conftest.c
configure:12784: $? = 0
configure:12784: result: yes
configure:12784: checking for sys/time.h
configure:12784: result: yes
configure:12784: checking syslog.h usability
configure:12784: gcc -c -g -O2 -Os -Wall  conftest.c >&5
configure:12784: $? = 0
configure:12784: result: yes
configure:12784: checking syslog.h presence
configure:12784: gcc -E  conftest.c
configure:12784: $? = 0
configure:12784: result: yes
configure:12784: checking for syslog.h
configure:12784: result: yes
configure:12784: checking for unistd.h
configure:12784: result: yes
configure:12802: checking for an ANSI C-conforming const
configure:12868: gcc -c -g -O2 -Os -Wall  conftest.c >&5
configure:12868: $? = 0
configure:12875: result: yes
configure:12891: checking for sys/types.h
configure:12891: result: yes
configure:12891: checking for sys/socket.h
configure:12891: result: yes
configure:12891: checking ws2tcpip.h usability
configure:12891: gcc -c -g -O2 -Os -Wall  conftest.c >&5
conftest.c:90:22: fatal error: ws2tcpip.h: No such file or directory
 #include <ws2tcpip.h>
                      ^
compilation terminated.
configure:12891: $? = 1
configure: failed program was:
| /* confdefs.h */
| #define PACKAGE_NAME "libupnp"
| #define PACKAGE_TARNAME "libupnp"
| #define PACKAGE_VERSION "1.6.20"
| #define PACKAGE_STRING "libupnp 1.6.20"
| #define PACKAGE_BUGREPORT "mroberto@users.sourceforge.net"
| #define PACKAGE_URL ""
| #define PACKAGE "libupnp"
| #define VERSION "1.6.20"
| #define UPNP_VERSION_STRING "1.6.20"
| #define UPNP_VERSION_MAJOR 1
| #define UPNP_VERSION_MINOR 6
| #define UPNP_VERSION_PATCH 20
| #define NO_DEBUG 1
| #define NDEBUG 1
| #define UPNP_HAVE_CLIENT 1
| #define UPNP_HAVE_DEVICE 1
| #define UPNP_HAVE_WEBSERVER 1
| #define UPNP_HAVE_SSDP 1
| #define UPNP_HAVE_OPTSSDP 1
| #define UPNP_HAVE_SOAP 1
| #define UPNP_HAVE_GENA 1
| #define UPNP_HAVE_TOOLS 1
| #define UPNP_ENABLE_NOTIFICATION_REORDERING 1
| #define UPNP_ENABLE_BLOCKING_TCP_CONNECTIONS 1
| #define STDC_HEADERS 1
| #define HAVE_SYS_TYPES_H 1
| #define HAVE_SYS_STAT_H 1
| #define HAVE_STDLIB_H 1
| #define HAVE_STRING_H 1
| #define HAVE_MEMORY_H 1
| #define HAVE_STRINGS_H 1
| #define HAVE_INTTYPES_H 1
| #define HAVE_STDINT_H 1
| #define HAVE_UNISTD_H 1
| #define HAVE_DLFCN_H 1
| #define LT_OBJDIR ".libs/"
| #define _LARGE_FILE_SOURCE /**/
| #define _FILE_OFFSET_BITS 64
| #define STDC_HEADERS 1
| #define HAVE_ARPA_INET_H 1
| #define HAVE_FCNTL_H 1
| #define HAVE_INTTYPES_H 1
| #define HAVE_LIMITS_H 1
| #define HAVE_NETDB_H 1
| #define HAVE_NETINET_IN_H 1
| #define HAVE_STDLIB_H 1
| #define HAVE_STRING_H 1
| #define HAVE_SYS_IOCTL_H 1
| #define HAVE_SYS_SOCKET_H 1
| #define HAVE_SYS_TIME_H 1
| #define HAVE_SYSLOG_H 1
| #define HAVE_UNISTD_H 1
| #define HAVE_SYS_TYPES_H 1
| #define HAVE_SYS_SOCKET_H 1
| /* end confdefs.h.  */
| #include <stdio.h>
| #ifdef HAVE_SYS_TYPES_H
| # include <sys/types.h>
| #endif
| #ifdef HAVE_SYS_STAT_H
| # include <sys/stat.h>
| #endif
| #ifdef STDC_HEADERS
| # include <stdlib.h>
| # include <stddef.h>
| #else
| # ifdef HAVE_STDLIB_H
| #  include <stdlib.h>
| # endif
| #endif
| #ifdef HAVE_STRING_H
| # if !defined STDC_HEADERS && defined HAVE_MEMORY_H
| #  include <memory.h>
| # endif
| # include <string.h>
| #endif
| #ifdef HAVE_STRINGS_H
| # include <strings.h>
| #endif
| #ifdef HAVE_INTTYPES_H
| # include <inttypes.h>
| #endif
| #ifdef HAVE_STDINT_H
| # include <stdint.h>
| #endif
| #ifdef HAVE_UNISTD_H
| # include <unistd.h>
| #endif
| #include <ws2tcpip.h>
configure:12891: result: no
configure:12891: checking ws2tcpip.h presence
configure:12891: gcc -E  conftest.c
conftest.c:57:22: fatal error: ws2tcpip.h: No such file or directory
 #include <ws2tcpip.h>
                      ^
compilation terminated.
configure:12891: $? = 1
configure: failed program was:
| /* confdefs.h */
| #define PACKAGE_NAME "libupnp"
| #define PACKAGE_TARNAME "libupnp"
| #define PACKAGE_VERSION "1.6.20"
| #define PACKAGE_STRING "libupnp 1.6.20"
| #define PACKAGE_BUGREPORT "mroberto@users.sourceforge.net"
| #define PACKAGE_URL ""
| #define PACKAGE "libupnp"
| #define VERSION "1.6.20"
| #define UPNP_VERSION_STRING "1.6.20"
| #define UPNP_VERSION_MAJOR 1
| #define UPNP_VERSION_MINOR 6
| #define UPNP_VERSION_PATCH 20
| #define NO_DEBUG 1
| #define NDEBUG 1
| #define UPNP_HAVE_CLIENT 1
| #define UPNP_HAVE_DEVICE 1
| #define UPNP_HAVE_WEBSERVER 1
| #define UPNP_HAVE_SSDP 1
| #define UPNP_HAVE_OPTSSDP 1
| #define UPNP_HAVE_SOAP 1
| #define UPNP_HAVE_GENA 1
| #define UPNP_HAVE_TOOLS 1
| #define UPNP_ENABLE_NOTIFICATION_REORDERING 1
| #define UPNP_ENABLE_BLOCKING_TCP_CONNECTIONS 1
| #define STDC_HEADERS 1
| #define HAVE_SYS_TYPES_H 1
| #define HAVE_SYS_STAT_H 1
| #define HAVE_STDLIB_H 1
| #define HAVE_STRING_H 1
| #define HAVE_MEMORY_H 1
| #define HAVE_STRINGS_H 1
| #define HAVE_INTTYPES_H 1
| #define HAVE_STDINT_H 1
| #define HAVE_UNISTD_H 1
| #define HAVE_DLFCN_H 1
| #define LT_OBJDIR ".libs/"
| #define _LARGE_FILE_SOURCE /**/
| #define _FILE_OFFSET_BITS 64
| #define STDC_HEADERS 1
| #define HAVE_ARPA_INET_H 1
| #define HAVE_FCNTL_H 1
| #define HAVE_INTTYPES_H 1
| #define HAVE_LIMITS_H 1
| #define HAVE_NETDB_H 1
| #define HAVE_NETINET_IN_H 1
| #define HAVE_STDLIB_H 1
| #define HAVE_STRING_H 1
| #define HAVE_SYS_IOCTL_H 1
| #define HAVE_SYS_SOCKET_H 1
| #define HAVE_SYS_TIME_H 1
| #define HAVE_SYSLOG_H 1
| #define HAVE_UNISTD_H 1
| #define HAVE_SYS_TYPES_H 1
| #define HAVE_SYS_SOCKET_H 1
| /* end confdefs.h.  */
| #include <ws2tcpip.h>
configure:12891: result: no
configure:12891: checking for ws2tcpip.h
configure:12891: result: no
configure:12901: checking for socklen_t
configure:12925: gcc -c -g -O2 -Os -Wall  conftest.c >&5
configure:12925: $? = 0
configure:12932: result: yes
configure:12948: checking for vprintf
configure:12948: gcc -o conftest -g -O2 -Os -Wall   conftest.c  >&5
conftest.c:80:6: warning: conflicting types for built-in function 'vprintf' [enabled by default]
 char vprintf ();
      ^
configure:12948: $? = 0
configure:12948: result: yes
configure:12954: checking for _doprnt
configure:12954: gcc -o conftest -g -O2 -Os -Wall   conftest.c  >&5
/tmp/ccUTntqM.o: In function `main':
/home/heenbo/work/test/test_upnp_lib-2/libupnp-1.6.20/conftest.c:92: undefined reference to `_doprnt'
collect2: error: ld returned 1 exit status
configure:12954: $? = 1
configure: failed program was:
| /* confdefs.h */
| #define PACKAGE_NAME "libupnp"
| #define PACKAGE_TARNAME "libupnp"
| #define PACKAGE_VERSION "1.6.20"
| #define PACKAGE_STRING "libupnp 1.6.20"
| #define PACKAGE_BUGREPORT "mroberto@users.sourceforge.net"
| #define PACKAGE_URL ""
| #define PACKAGE "libupnp"
| #define VERSION "1.6.20"
| #define UPNP_VERSION_STRING "1.6.20"
| #define UPNP_VERSION_MAJOR 1
| #define UPNP_VERSION_MINOR 6
| #define UPNP_VERSION_PATCH 20
| #define NO_DEBUG 1
| #define NDEBUG 1
| #define UPNP_HAVE_CLIENT 1
| #define UPNP_HAVE_DEVICE 1
| #define UPNP_HAVE_WEBSERVER 1
| #define UPNP_HAVE_SSDP 1
| #define UPNP_HAVE_OPTSSDP 1
| #define UPNP_HAVE_SOAP 1
| #define UPNP_HAVE_GENA 1
| #define UPNP_HAVE_TOOLS 1
| #define UPNP_ENABLE_NOTIFICATION_REORDERING 1
| #define UPNP_ENABLE_BLOCKING_TCP_CONNECTIONS 1
| #define STDC_HEADERS 1
| #define HAVE_SYS_TYPES_H 1
| #define HAVE_SYS_STAT_H 1
| #define HAVE_STDLIB_H 1
| #define HAVE_STRING_H 1
| #define HAVE_MEMORY_H 1
| #define HAVE_STRINGS_H 1
| #define HAVE_INTTYPES_H 1
| #define HAVE_STDINT_H 1
| #define HAVE_UNISTD_H 1
| #define HAVE_DLFCN_H 1
| #define LT_OBJDIR ".libs/"
| #define _LARGE_FILE_SOURCE /**/
| #define _FILE_OFFSET_BITS 64
| #define STDC_HEADERS 1
| #define HAVE_ARPA_INET_H 1
| #define HAVE_FCNTL_H 1
| #define HAVE_INTTYPES_H 1
| #define HAVE_LIMITS_H 1
| #define HAVE_NETDB_H 1
| #define HAVE_NETINET_IN_H 1
| #define HAVE_STDLIB_H 1
| #define HAVE_STRING_H 1
| #define HAVE_SYS_IOCTL_H 1
| #define HAVE_SYS_SOCKET_H 1
| #define HAVE_SYS_TIME_H 1
| #define HAVE_SYSLOG_H 1
| #define HAVE_UNISTD_H 1
| #define HAVE_SYS_TYPES_H 1
| #define HAVE_SYS_SOCKET_H 1
| #define HAVE_VPRINTF 1
| /* end confdefs.h.  */
| /* Define _doprnt to an innocuous variant, in case <limits.h> declares _doprnt.
|    For example, HP-UX 11i <limits.h> declares gettimeofday.  */
| #define _doprnt innocuous__doprnt
| 
| /* System header to define __stub macros and hopefully few prototypes,
|     which can conflict with char _doprnt (); below.
|     Prefer <limits.h> to <assert.h> if __STDC__ is defined, since
|     <limits.h> exists even on freestanding compilers.  */
| 
| #ifdef __STDC__
| # include <limits.h>
| #else
| # include <assert.h>
| #endif
| 
| #undef _doprnt
| 
| /* Override any GCC internal prototype to avoid an error.
|    Use char because int might match the return type of a GCC
|    builtin and then its argument prototype would still apply.  */
| #ifdef __cplusplus
| extern "C"
| #endif
| char _doprnt ();
| /* The GNU C library defines this for functions which it implements
|     to always fail with ENOSYS.  Some functions are actually named
|     something starting with __ and the normal name is an alias.  */
| #if defined __stub__doprnt || defined __stub____doprnt
| choke me
| #endif
| 
| int
| main ()
| {
| return _doprnt ();
|   ;
|   return 0;
| }
configure:12954: result: no
configure:12965: checking for _LARGEFILE_SOURCE value needed for large files
configure:12984: gcc -o conftest -g -O2 -Os -Wall   conftest.c  >&5
configure:12984: $? = 0
configure:13012: result: no
configure:13033: checking for strnlen
configure:13033: gcc -o conftest -g -O2 -Os -Wall   conftest.c  >&5
configure:13033: $? = 0
configure:13033: result: yes
configure:13040: checking for strndup
configure:13040: gcc -o conftest -g -O2 -Os -Wall   conftest.c  >&5
conftest.c:83:6: warning: conflicting types for built-in function 'strndup' [enabled by default]
 char strndup ();
      ^
configure:13040: $? = 0
configure:13040: result: yes
configure:13049: checking for library containing bind
configure:13080: gcc -o conftest -g -O2 -Os -Wall   conftest.c  >&5
configure:13080: $? = 0
configure:13097: result: none required
configure:13105: checking for library containing gethostbyname
configure:13136: gcc -o conftest -g -O2 -Os -Wall   conftest.c  >&5
configure:13136: $? = 0
configure:13153: result: none required
configure:13161: checking for library containing sched_getparam
configure:13192: gcc -o conftest -g -O2 -Os -Wall   conftest.c  >&5
configure:13192: $? = 0
configure:13209: result: none required
configure:13388: checking for the pthreads library -lpthreads
configure:13421: gcc -o conftest -g -O2 -Os -Wall    conftest.c -lpthreads  >&5
conftest.c: In function 'main':
conftest.c:66:22: warning: null argument where non-null required (argument 1) [-Wnonnull]
                      pthread_attr_init(0); pthread_cleanup_push(0, 0);
                      ^
conftest.c:67:22: warning: null argument where non-null required (argument 1) [-Wnonnull]
                      pthread_create(0,0,0,0); pthread_cleanup_pop(0);
                      ^
conftest.c:67:22: warning: null argument where non-null required (argument 3) [-Wnonnull]
conftest.c:65:27: warning: 'th' is used uninitialized in this function [-Wuninitialized]
 pthread_t th; pthread_join(th, 0);
                           ^
/usr/bin/ld: cannot find -lpthreads
collect2: error: ld returned 1 exit status
configure:13421: $? = 1
configure: failed program was:
| /* confdefs.h */
| #define PACKAGE_NAME "libupnp"
| #define PACKAGE_TARNAME "libupnp"
| #define PACKAGE_VERSION "1.6.20"
| #define PACKAGE_STRING "libupnp 1.6.20"
| #define PACKAGE_BUGREPORT "mroberto@users.sourceforge.net"
| #define PACKAGE_URL ""
| #define PACKAGE "libupnp"
| #define VERSION "1.6.20"
| #define UPNP_VERSION_STRING "1.6.20"
| #define UPNP_VERSION_MAJOR 1
| #define UPNP_VERSION_MINOR 6
| #define UPNP_VERSION_PATCH 20
| #define NO_DEBUG 1
| #define NDEBUG 1
| #define UPNP_HAVE_CLIENT 1
| #define UPNP_HAVE_DEVICE 1
| #define UPNP_HAVE_WEBSERVER 1
| #define UPNP_HAVE_SSDP 1
| #define UPNP_HAVE_OPTSSDP 1
| #define UPNP_HAVE_SOAP 1
| #define UPNP_HAVE_GENA 1
| #define UPNP_HAVE_TOOLS 1
| #define UPNP_ENABLE_NOTIFICATION_REORDERING 1
| #define UPNP_ENABLE_BLOCKING_TCP_CONNECTIONS 1
| #define STDC_HEADERS 1
| #define HAVE_SYS_TYPES_H 1
| #define HAVE_SYS_STAT_H 1
| #define HAVE_STDLIB_H 1
| #define HAVE_STRING_H 1
| #define HAVE_MEMORY_H 1
| #define HAVE_STRINGS_H 1
| #define HAVE_INTTYPES_H 1
| #define HAVE_STDINT_H 1
| #define HAVE_UNISTD_H 1
| #define HAVE_DLFCN_H 1
| #define LT_OBJDIR ".libs/"
| #define _LARGE_FILE_SOURCE /**/
| #define _FILE_OFFSET_BITS 64
| #define STDC_HEADERS 1
| #define HAVE_ARPA_INET_H 1
| #define HAVE_FCNTL_H 1
| #define HAVE_INTTYPES_H 1
| #define HAVE_LIMITS_H 1
| #define HAVE_NETDB_H 1
| #define HAVE_NETINET_IN_H 1
| #define HAVE_STDLIB_H 1
| #define HAVE_STRING_H 1
| #define HAVE_SYS_IOCTL_H 1
| #define HAVE_SYS_SOCKET_H 1
| #define HAVE_SYS_TIME_H 1
| #define HAVE_SYSLOG_H 1
| #define HAVE_UNISTD_H 1
| #define HAVE_SYS_TYPES_H 1
| #define HAVE_SYS_SOCKET_H 1
| #define HAVE_VPRINTF 1
| #define HAVE_FSEEKO 1
| #define HAVE_STRNLEN 1
| #define HAVE_STRNDUP 1
| /* end confdefs.h.  */
| #include <pthread.h>
| int
| main ()
| {
| pthread_t th; pthread_join(th, 0);
|                      pthread_attr_init(0); pthread_cleanup_push(0, 0);
|                      pthread_create(0,0,0,0); pthread_cleanup_pop(0);
|   ;
|   return 0;
| }
configure:13430: result: no
configure:13333: checking whether pthreads work without any flags
configure:13421: gcc -o conftest -g -O2 -Os -Wall    conftest.c   >&5
conftest.c: In function 'main':
conftest.c:66:22: warning: null argument where non-null required (argument 1) [-Wnonnull]
                      pthread_attr_init(0); pthread_cleanup_push(0, 0);
                      ^
conftest.c:67:22: warning: null argument where non-null required (argument 1) [-Wnonnull]
                      pthread_create(0,0,0,0); pthread_cleanup_pop(0);
                      ^
conftest.c:67:22: warning: null argument where non-null required (argument 3) [-Wnonnull]
conftest.c:65:27: warning: 'th' is used uninitialized in this function [-Wuninitialized]
 pthread_t th; pthread_join(th, 0);
                           ^
/tmp/ccOOuEWn.o: In function `main':
/home/heenbo/work/test/test_upnp_lib-2/libupnp-1.6.20/conftest.c:65: undefined reference to `pthread_join'
/home/heenbo/work/test/test_upnp_lib-2/libupnp-1.6.20/conftest.c:66: undefined reference to `__pthread_register_cancel'
/home/heenbo/work/test/test_upnp_lib-2/libupnp-1.6.20/conftest.c:67: undefined reference to `pthread_create'
/home/heenbo/work/test/test_upnp_lib-2/libupnp-1.6.20/conftest.c:67: undefined reference to `__pthread_unregister_cancel'
collect2: error: ld returned 1 exit status
configure:13421: $? = 1
configure: failed program was:
| /* confdefs.h */
| #define PACKAGE_NAME "libupnp"
| #define PACKAGE_TARNAME "libupnp"
| #define PACKAGE_VERSION "1.6.20"
| #define PACKAGE_STRING "libupnp 1.6.20"
| #define PACKAGE_BUGREPORT "mroberto@users.sourceforge.net"
| #define PACKAGE_URL ""
| #define PACKAGE "libupnp"
| #define VERSION "1.6.20"
| #define UPNP_VERSION_STRING "1.6.20"
| #define UPNP_VERSION_MAJOR 1
| #define UPNP_VERSION_MINOR 6
| #define UPNP_VERSION_PATCH 20
| #define NO_DEBUG 1
| #define NDEBUG 1
| #define UPNP_HAVE_CLIENT 1
| #define UPNP_HAVE_DEVICE 1
| #define UPNP_HAVE_WEBSERVER 1
| #define UPNP_HAVE_SSDP 1
| #define UPNP_HAVE_OPTSSDP 1
| #define UPNP_HAVE_SOAP 1
| #define UPNP_HAVE_GENA 1
| #define UPNP_HAVE_TOOLS 1
| #define UPNP_ENABLE_NOTIFICATION_REORDERING 1
| #define UPNP_ENABLE_BLOCKING_TCP_CONNECTIONS 1
| #define STDC_HEADERS 1
| #define HAVE_SYS_TYPES_H 1
| #define HAVE_SYS_STAT_H 1
| #define HAVE_STDLIB_H 1
| #define HAVE_STRING_H 1
| #define HAVE_MEMORY_H 1
| #define HAVE_STRINGS_H 1
| #define HAVE_INTTYPES_H 1
| #define HAVE_STDINT_H 1
| #define HAVE_UNISTD_H 1
| #define HAVE_DLFCN_H 1
| #define LT_OBJDIR ".libs/"
| #define _LARGE_FILE_SOURCE /**/
| #define _FILE_OFFSET_BITS 64
| #define STDC_HEADERS 1
| #define HAVE_ARPA_INET_H 1
| #define HAVE_FCNTL_H 1
| #define HAVE_INTTYPES_H 1
| #define HAVE_LIMITS_H 1
| #define HAVE_NETDB_H 1
| #define HAVE_NETINET_IN_H 1
| #define HAVE_STDLIB_H 1
| #define HAVE_STRING_H 1
| #define HAVE_SYS_IOCTL_H 1
| #define HAVE_SYS_SOCKET_H 1
| #define HAVE_SYS_TIME_H 1
| #define HAVE_SYSLOG_H 1
| #define HAVE_UNISTD_H 1
| #define HAVE_SYS_TYPES_H 1
| #define HAVE_SYS_SOCKET_H 1
| #define HAVE_VPRINTF 1
| #define HAVE_FSEEKO 1
| #define HAVE_STRNLEN 1
| #define HAVE_STRNDUP 1
| /* end confdefs.h.  */
| #include <pthread.h>
| int
| main ()
| {
| pthread_t th; pthread_join(th, 0);
|                      pthread_attr_init(0); pthread_cleanup_push(0, 0);
|                      pthread_create(0,0,0,0); pthread_cleanup_pop(0);
|   ;
|   return 0;
| }
configure:13430: result: no
configure:13338: checking whether pthreads work with -Kthread
configure:13421: gcc -o conftest -g -O2 -Os -Wall -Kthread   conftest.c   >&5
gcc: error: unrecognized command line option '-Kthread'
configure:13421: $? = 1
configure: failed program was:
| /* confdefs.h */
| #define PACKAGE_NAME "libupnp"
| #define PACKAGE_TARNAME "libupnp"
| #define PACKAGE_VERSION "1.6.20"
| #define PACKAGE_STRING "libupnp 1.6.20"
| #define PACKAGE_BUGREPORT "mroberto@users.sourceforge.net"
| #define PACKAGE_URL ""
| #define PACKAGE "libupnp"
| #define VERSION "1.6.20"
| #define UPNP_VERSION_STRING "1.6.20"
| #define UPNP_VERSION_MAJOR 1
| #define UPNP_VERSION_MINOR 6
| #define UPNP_VERSION_PATCH 20
| #define NO_DEBUG 1
| #define NDEBUG 1
| #define UPNP_HAVE_CLIENT 1
| #define UPNP_HAVE_DEVICE 1
| #define UPNP_HAVE_WEBSERVER 1
| #define UPNP_HAVE_SSDP 1
| #define UPNP_HAVE_OPTSSDP 1
| #define UPNP_HAVE_SOAP 1
| #define UPNP_HAVE_GENA 1
| #define UPNP_HAVE_TOOLS 1
| #define UPNP_ENABLE_NOTIFICATION_REORDERING 1
| #define UPNP_ENABLE_BLOCKING_TCP_CONNECTIONS 1
| #define STDC_HEADERS 1
| #define HAVE_SYS_TYPES_H 1
| #define HAVE_SYS_STAT_H 1
| #define HAVE_STDLIB_H 1
| #define HAVE_STRING_H 1
| #define HAVE_MEMORY_H 1
| #define HAVE_STRINGS_H 1
| #define HAVE_INTTYPES_H 1
| #define HAVE_STDINT_H 1
| #define HAVE_UNISTD_H 1
| #define HAVE_DLFCN_H 1
| #define LT_OBJDIR ".libs/"
| #define _LARGE_FILE_SOURCE /**/
| #define _FILE_OFFSET_BITS 64
| #define STDC_HEADERS 1
| #define HAVE_ARPA_INET_H 1
| #define HAVE_FCNTL_H 1
| #define HAVE_INTTYPES_H 1
| #define HAVE_LIMITS_H 1
| #define HAVE_NETDB_H 1
| #define HAVE_NETINET_IN_H 1
| #define HAVE_STDLIB_H 1
| #define HAVE_STRING_H 1
| #define HAVE_SYS_IOCTL_H 1
| #define HAVE_SYS_SOCKET_H 1
| #define HAVE_SYS_TIME_H 1
| #define HAVE_SYSLOG_H 1
| #define HAVE_UNISTD_H 1
| #define HAVE_SYS_TYPES_H 1
| #define HAVE_SYS_SOCKET_H 1
| #define HAVE_VPRINTF 1
| #define HAVE_FSEEKO 1
| #define HAVE_STRNLEN 1
| #define HAVE_STRNDUP 1
| /* end confdefs.h.  */
| #include <pthread.h>
| int
| main ()
| {
| pthread_t th; pthread_join(th, 0);
|                      pthread_attr_init(0); pthread_cleanup_push(0, 0);
|                      pthread_create(0,0,0,0); pthread_cleanup_pop(0);
|   ;
|   return 0;
| }
configure:13430: result: no
configure:13338: checking whether pthreads work with -kthread
configure:13421: gcc -o conftest -g -O2 -Os -Wall -kthread   conftest.c   >&5
gcc: error: unrecognized command line option '-kthread'
configure:13421: $? = 1
configure: failed program was:
| /* confdefs.h */
| #define PACKAGE_NAME "libupnp"
| #define PACKAGE_TARNAME "libupnp"
| #define PACKAGE_VERSION "1.6.20"
| #define PACKAGE_STRING "libupnp 1.6.20"
| #define PACKAGE_BUGREPORT "mroberto@users.sourceforge.net"
| #define PACKAGE_URL ""
| #define PACKAGE "libupnp"
| #define VERSION "1.6.20"
| #define UPNP_VERSION_STRING "1.6.20"
| #define UPNP_VERSION_MAJOR 1
| #define UPNP_VERSION_MINOR 6
| #define UPNP_VERSION_PATCH 20
| #define NO_DEBUG 1
| #define NDEBUG 1
| #define UPNP_HAVE_CLIENT 1
| #define UPNP_HAVE_DEVICE 1
| #define UPNP_HAVE_WEBSERVER 1
| #define UPNP_HAVE_SSDP 1
| #define UPNP_HAVE_OPTSSDP 1
| #define UPNP_HAVE_SOAP 1
| #define UPNP_HAVE_GENA 1
| #define UPNP_HAVE_TOOLS 1
| #define UPNP_ENABLE_NOTIFICATION_REORDERING 1
| #define UPNP_ENABLE_BLOCKING_TCP_CONNECTIONS 1
| #define STDC_HEADERS 1
| #define HAVE_SYS_TYPES_H 1
| #define HAVE_SYS_STAT_H 1
| #define HAVE_STDLIB_H 1
| #define HAVE_STRING_H 1
| #define HAVE_MEMORY_H 1
| #define HAVE_STRINGS_H 1
| #define HAVE_INTTYPES_H 1
| #define HAVE_STDINT_H 1
| #define HAVE_UNISTD_H 1
| #define HAVE_DLFCN_H 1
| #define LT_OBJDIR ".libs/"
| #define _LARGE_FILE_SOURCE /**/
| #define _FILE_OFFSET_BITS 64
| #define STDC_HEADERS 1
| #define HAVE_ARPA_INET_H 1
| #define HAVE_FCNTL_H 1
| #define HAVE_INTTYPES_H 1
| #define HAVE_LIMITS_H 1
| #define HAVE_NETDB_H 1
| #define HAVE_NETINET_IN_H 1
| #define HAVE_STDLIB_H 1
| #define HAVE_STRING_H 1
| #define HAVE_SYS_IOCTL_H 1
| #define HAVE_SYS_SOCKET_H 1
| #define HAVE_SYS_TIME_H 1
| #define HAVE_SYSLOG_H 1
| #define HAVE_UNISTD_H 1
| #define HAVE_SYS_TYPES_H 1
| #define HAVE_SYS_SOCKET_H 1
| #define HAVE_VPRINTF 1
| #define HAVE_FSEEKO 1
| #define HAVE_STRNLEN 1
| #define HAVE_STRNDUP 1
| /* end confdefs.h.  */
| #include <pthread.h>
| int
| main ()
| {
| pthread_t th; pthread_join(th, 0);
|                      pthread_attr_init(0); pthread_cleanup_push(0, 0);
|                      pthread_create(0,0,0,0); pthread_cleanup_pop(0);
|   ;
|   return 0;
| }
configure:13430: result: no
configure:13388: checking for the pthreads library -llthread
configure:13421: gcc -o conftest -g -O2 -Os -Wall    conftest.c -llthread  >&5
conftest.c: In function 'main':
conftest.c:66:22: warning: null argument where non-null required (argument 1) [-Wnonnull]
                      pthread_attr_init(0); pthread_cleanup_push(0, 0);
                      ^
conftest.c:67:22: warning: null argument where non-null required (argument 1) [-Wnonnull]
                      pthread_create(0,0,0,0); pthread_cleanup_pop(0);
                      ^
conftest.c:67:22: warning: null argument where non-null required (argument 3) [-Wnonnull]
conftest.c:65:27: warning: 'th' is used uninitialized in this function [-Wuninitialized]
 pthread_t th; pthread_join(th, 0);
                           ^
/usr/bin/ld: cannot find -llthread
collect2: error: ld returned 1 exit status
configure:13421: $? = 1
configure: failed program was:
| /* confdefs.h */
| #define PACKAGE_NAME "libupnp"
| #define PACKAGE_TARNAME "libupnp"
| #define PACKAGE_VERSION "1.6.20"
| #define PACKAGE_STRING "libupnp 1.6.20"
| #define PACKAGE_BUGREPORT "mroberto@users.sourceforge.net"
| #define PACKAGE_URL ""
| #define PACKAGE "libupnp"
| #define VERSION "1.6.20"
| #define UPNP_VERSION_STRING "1.6.20"
| #define UPNP_VERSION_MAJOR 1
| #define UPNP_VERSION_MINOR 6
| #define UPNP_VERSION_PATCH 20
| #define NO_DEBUG 1
| #define NDEBUG 1
| #define UPNP_HAVE_CLIENT 1
| #define UPNP_HAVE_DEVICE 1
| #define UPNP_HAVE_WEBSERVER 1
| #define UPNP_HAVE_SSDP 1
| #define UPNP_HAVE_OPTSSDP 1
| #define UPNP_HAVE_SOAP 1
| #define UPNP_HAVE_GENA 1
| #define UPNP_HAVE_TOOLS 1
| #define UPNP_ENABLE_NOTIFICATION_REORDERING 1
| #define UPNP_ENABLE_BLOCKING_TCP_CONNECTIONS 1
| #define STDC_HEADERS 1
| #define HAVE_SYS_TYPES_H 1
| #define HAVE_SYS_STAT_H 1
| #define HAVE_STDLIB_H 1
| #define HAVE_STRING_H 1
| #define HAVE_MEMORY_H 1
| #define HAVE_STRINGS_H 1
| #define HAVE_INTTYPES_H 1
| #define HAVE_STDINT_H 1
| #define HAVE_UNISTD_H 1
| #define HAVE_DLFCN_H 1
| #define LT_OBJDIR ".libs/"
| #define _LARGE_FILE_SOURCE /**/
| #define _FILE_OFFSET_BITS 64
| #define STDC_HEADERS 1
| #define HAVE_ARPA_INET_H 1
| #define HAVE_FCNTL_H 1
| #define HAVE_INTTYPES_H 1
| #define HAVE_LIMITS_H 1
| #define HAVE_NETDB_H 1
| #define HAVE_NETINET_IN_H 1
| #define HAVE_STDLIB_H 1
| #define HAVE_STRING_H 1
| #define HAVE_SYS_IOCTL_H 1
| #define HAVE_SYS_SOCKET_H 1
| #define HAVE_SYS_TIME_H 1
| #define HAVE_SYSLOG_H 1
| #define HAVE_UNISTD_H 1
| #define HAVE_SYS_TYPES_H 1
| #define HAVE_SYS_SOCKET_H 1
| #define HAVE_VPRINTF 1
| #define HAVE_FSEEKO 1
| #define HAVE_STRNLEN 1
| #define HAVE_STRNDUP 1
| /* end confdefs.h.  */
| #include <pthread.h>
| int
| main ()
| {
| pthread_t th; pthread_join(th, 0);
|                      pthread_attr_init(0); pthread_cleanup_push(0, 0);
|                      pthread_create(0,0,0,0); pthread_cleanup_pop(0);
|   ;
|   return 0;
| }
configure:13430: result: no
configure:13338: checking whether pthreads work with -pthread
configure:13421: gcc -o conftest -g -O2 -Os -Wall -pthread   conftest.c   >&5
conftest.c: In function 'main':
conftest.c:66:22: warning: null argument where non-null required (argument 1) [-Wnonnull]
                      pthread_attr_init(0); pthread_cleanup_push(0, 0);
                      ^
conftest.c:67:22: warning: null argument where non-null required (argument 1) [-Wnonnull]
                      pthread_create(0,0,0,0); pthread_cleanup_pop(0);
                      ^
conftest.c:67:22: warning: null argument where non-null required (argument 3) [-Wnonnull]
conftest.c:65:27: warning: 'th' is used uninitialized in this function [-Wuninitialized]
 pthread_t th; pthread_join(th, 0);
                           ^
configure:13421: $? = 0
configure:13430: result: yes
configure:13449: checking for joinable pthread attribute
configure:13464: gcc -o conftest -g -O2 -Os -Wall -pthread   conftest.c   >&5
configure:13464: $? = 0
configure:13470: result: PTHREAD_CREATE_JOINABLE
configure:13480: checking if more special flags are required for pthreads
configure:13487: result: no
configure:13579: checking if pthread_rwlock_t is available
configure:13598: gcc -c -pthread -g -O2 -Os -Wall  conftest.c >&5
conftest.c: In function 'main':
conftest.c:66:19: warning: unused variable 'x' [-Wunused-variable]
 pthread_rwlock_t *x;
                   ^
configure:13598: $? = 0
configure:13602: result: yes, supported without any options
configure:13751: checking that generated files are newer than configure
configure:13757: result: done
configure:13848: creating ./config.status

## ---------------------- ##
## Running config.status. ##
## ---------------------- ##

This file was extended by libupnp config.status 1.6.20, which was
generated by GNU Autoconf 2.69.  Invocation command line was

  CONFIG_FILES    = 
  CONFIG_HEADERS  = 
  CONFIG_LINKS    = 
  CONFIG_COMMANDS = 
  $ ./config.status 

on aistoy-System-Product-Name

config.status:1168: creating Makefile
config.status:1168: creating ixml/Makefile
config.status:1168: creating ixml/doc/Makefile
config.status:1168: creating threadutil/Makefile
config.status:1168: creating upnp/Makefile
config.status:1168: creating upnp/doc/Makefile
config.status:1168: creating upnp/sample/Makefile
config.status:1168: creating docs/dist/Makefile
config.status:1168: creating libupnp.pc
config.status:1168: creating autoconfig.h
config.status:1168: creating upnp/inc/upnpconfig.h
config.status:1397: executing depfiles commands
config.status:1397: executing libtool commands

## ---------------- ##
## Cache variables. ##
## ---------------- ##

ac_cv_build=x86_64-unknown-linux-gnu
ac_cv_c_compiler_gnu=yes
ac_cv_c_const=yes
ac_cv_cflags_gcc_option__Os=-Os
ac_cv_cflags_warn_all=-Wall
ac_cv_env_CC_set=
ac_cv_env_CC_value=
ac_cv_env_CFLAGS_set=
ac_cv_env_CFLAGS_value=
ac_cv_env_CPPFLAGS_set=
ac_cv_env_CPPFLAGS_value=
ac_cv_env_CPP_set=
ac_cv_env_CPP_value=
ac_cv_env_LDFLAGS_set=
ac_cv_env_LDFLAGS_value=
ac_cv_env_LIBS_set=
ac_cv_env_LIBS_value=
ac_cv_env_build_alias_set=
ac_cv_env_build_alias_value=
ac_cv_env_host_alias_set=
ac_cv_env_host_alias_value=
ac_cv_env_target_alias_set=
ac_cv_env_target_alias_value=
ac_cv_func__doprnt=no
ac_cv_func_strndup=yes
ac_cv_func_strnlen=yes
ac_cv_func_vprintf=yes
ac_cv_header_arpa_inet_h=yes
ac_cv_header_dlfcn_h=yes
ac_cv_header_fcntl_h=yes
ac_cv_header_inttypes_h=yes
ac_cv_header_limits_h=yes
ac_cv_header_memory_h=yes
ac_cv_header_netdb_h=yes
ac_cv_header_netinet_in_h=yes
ac_cv_header_stdc=yes
ac_cv_header_stdint_h=yes
ac_cv_header_stdlib_h=yes
ac_cv_header_string_h=yes
ac_cv_header_strings_h=yes
ac_cv_header_sys_ioctl_h=yes
ac_cv_header_sys_socket_h=yes
ac_cv_header_sys_stat_h=yes
ac_cv_header_sys_time_h=yes
ac_cv_header_sys_types_h=yes
ac_cv_header_syslog_h=yes
ac_cv_header_unistd_h=yes
ac_cv_header_ws2tcpip_h=no
ac_cv_host=x86_64-unknown-linux-gnu
ac_cv_objext=o
ac_cv_path_EGREP='/bin/grep -E'
ac_cv_path_FGREP='/bin/grep -F'
ac_cv_path_GREP=/bin/grep
ac_cv_path_SED=/bin/sed
ac_cv_path_install='/usr/bin/install -c'
ac_cv_path_mkdir=/bin/mkdir
ac_cv_prog_AWK=gawk
ac_cv_prog_CPP='gcc -E'
ac_cv_prog_ac_ct_AR=ar
ac_cv_prog_ac_ct_CC=gcc
ac_cv_prog_ac_ct_MANIFEST_TOOL=mt
ac_cv_prog_ac_ct_OBJDUMP=objdump
ac_cv_prog_ac_ct_RANLIB=ranlib
ac_cv_prog_ac_ct_STRIP=strip
ac_cv_prog_cc_c89=
ac_cv_prog_cc_g=yes
ac_cv_prog_cc_gcc_c_o=yes
ac_cv_prog_make_make_set=yes
ac_cv_search_bind='none required'
ac_cv_search_gethostbyname='none required'
ac_cv_search_sched_getparam='none required'
ac_cv_socklen_t=yes
ac_cv_sys_largefile_source=no
ac_cv_type_off_t=yes
ac_cv_type_size_t=yes
ac_cv_win32=no
am_cv_CC_dependencies_compiler_type=gcc3
am_cv_ar_interface=ar
am_cv_make_support_nested_variables=yes
lt_cv_ar_at_file=@
lt_cv_archive_cmds_need_lc=no
lt_cv_deplibs_check_method=pass_all
lt_cv_file_magic_cmd='$MAGIC_CMD'
lt_cv_file_magic_test_file=
lt_cv_ld_reload_flag=-r
lt_cv_nm_interface='BSD nm'
lt_cv_objdir=.libs
lt_cv_path_LD=/usr/bin/ld
lt_cv_path_NM='/usr/bin/nm -B'
lt_cv_path_mainfest_tool=no
lt_cv_prog_compiler_c_o=yes
lt_cv_prog_compiler_pic='-fPIC -DPIC'
lt_cv_prog_compiler_pic_works=yes
lt_cv_prog_compiler_rtti_exceptions=no
lt_cv_prog_compiler_static_works=yes
lt_cv_prog_gnu_ld=yes
lt_cv_sharedlib_from_linklib_cmd='printf %s\n'
lt_cv_shlibpath_overrides_runpath=no
lt_cv_sys_global_symbol_pipe='sed -n -e '\''s/^.*[	 ]\([ABCDGIRSTW][ABCDGIRSTW]*\)[	 ][	 ]*\([_A-Za-z][_A-Za-z0-9]*\)$/\1 \2 \2/p'\'' | sed '\''/ __gnu_lto/d'\'''
lt_cv_sys_global_symbol_to_c_name_address='sed -n -e '\''s/^: \([^ ]*\)[ ]*$/  {\"\1\", (void *) 0},/p'\'' -e '\''s/^[ABCDGIRSTW]* \([^ ]*\) \([^ ]*\)$/  {"\2", (void *) \&\2},/p'\'''
lt_cv_sys_global_symbol_to_c_name_address_lib_prefix='sed -n -e '\''s/^: \([^ ]*\)[ ]*$/  {\"\1\", (void *) 0},/p'\'' -e '\''s/^[ABCDGIRSTW]* \([^ ]*\) \(lib[^ ]*\)$/  {"\2", (void *) \&\2},/p'\'' -e '\''s/^[ABCDGIRSTW]* \([^ ]*\) \([^ ]*\)$/  {"lib\2", (void *) \&\2},/p'\'''
lt_cv_sys_global_symbol_to_cdecl='sed -n -e '\''s/^T .* \(.*\)$/extern int \1();/p'\'' -e '\''s/^[ABCDGIRSTW]* .* \(.*\)$/extern char \1;/p'\'''
lt_cv_sys_max_cmd_len=1572864
lt_cv_to_host_file_cmd=func_convert_file_noop
lt_cv_to_tool_file_cmd=func_convert_file_noop

## ----------------- ##
## Output variables. ##
## ----------------- ##

ACLOCAL='${SHELL} /home/heenbo/work/test/test_upnp_lib-2/libupnp-1.6.20/build-aux/missing aclocal-1.13'
AMDEPBACKSLASH='\'
AMDEP_FALSE='#'
AMDEP_TRUE=''
AMTAR='$${TAR-tar}'
AM_BACKSLASH='\'
AM_DEFAULT_V='$(AM_DEFAULT_VERBOSITY)'
AM_DEFAULT_VERBOSITY='1'
AM_V='$(V)'
AR='ar'
AUTOCONF='${SHELL} /home/heenbo/work/test/test_upnp_lib-2/libupnp-1.6.20/build-aux/missing autoconf'
AUTOHEADER='${SHELL} /home/heenbo/work/test/test_upnp_lib-2/libupnp-1.6.20/build-aux/missing autoheader'
AUTOMAKE='${SHELL} /home/heenbo/work/test/test_upnp_lib-2/libupnp-1.6.20/build-aux/missing automake-1.13'
AWK='gawk'
CC='gcc'
CCDEPMODE='depmode=gcc3'
CFLAGS='-pthread -g -O2 -Os -Wall'
CPP='gcc -E'
CPPFLAGS=''
CYGPATH_W='echo'
DEFS='-DHAVE_CONFIG_H'
DEPDIR='.deps'
DLLTOOL='false'
DSYMUTIL=''
DUMPBIN=''
ECHO_C=''
ECHO_N='-n'
ECHO_T=''
EGREP='/bin/grep -E'
ENABLE_BLOCKING_TCP_CONNECTIONS_FALSE='#'
ENABLE_BLOCKING_TCP_CONNECTIONS_TRUE=''
ENABLE_CLIENT_FALSE='#'
ENABLE_CLIENT_TRUE=''
ENABLE_DEBUG_FALSE=''
ENABLE_DEBUG_TRUE='#'
ENABLE_DEVICE_FALSE='#'
ENABLE_DEVICE_TRUE=''
ENABLE_GENA_FALSE='#'
ENABLE_GENA_TRUE=''
ENABLE_IPV6_FALSE=''
ENABLE_IPV6_TRUE='#'
ENABLE_NOTIFICATION_REORDERING_FALSE='#'
ENABLE_NOTIFICATION_REORDERING_TRUE=''
ENABLE_OPTSSDP_FALSE='#'
ENABLE_OPTSSDP_TRUE=''
ENABLE_SAMPLES_FALSE='#'
ENABLE_SAMPLES_TRUE=''
ENABLE_SOAP_FALSE='#'
ENABLE_SOAP_TRUE=''
ENABLE_SSDP_FALSE='#'
ENABLE_SSDP_TRUE=''
ENABLE_TOOLS_FALSE='#'
ENABLE_TOOLS_TRUE=''
ENABLE_UNSPECIFIED_SERVER_FALSE=''
ENABLE_UNSPECIFIED_SERVER_TRUE='#'
ENABLE_UUID_FALSE='#'
ENABLE_UUID_TRUE=''
ENABLE_WEBSERVER_FALSE='#'
ENABLE_WEBSERVER_TRUE=''
EXEEXT=''
FGREP='/bin/grep -F'
GREP='/bin/grep'
INSTALL_DATA='${INSTALL} -m 644'
INSTALL_PROGRAM='${INSTALL}'
INSTALL_SCRIPT='${INSTALL}'
INSTALL_STRIP_PROGRAM='$(install_sh) -c -s'
LD='/usr/bin/ld -m elf_x86_64'
LDFLAGS=''
LIBOBJS=''
LIBS=' '
LIBTOOL='$(SHELL) $(top_builddir)/libtool'
LIPO=''
LN_S='ln -s'
LTLIBOBJS=''
LT_VERSION_IXML='2:8:0'
LT_VERSION_THREADUTIL='6:4:0'
LT_VERSION_UPNP='9:4:3'
MAKEINFO='${SHELL} /home/heenbo/work/test/test_upnp_lib-2/libupnp-1.6.20/build-aux/missing makeinfo'
MANIFEST_TOOL=':'
MKDIR_P='/bin/mkdir -p'
NM='/usr/bin/nm -B'
NMEDIT=''
OBJDUMP='objdump'
OBJEXT='o'
OTOOL64=''
OTOOL=''
PACKAGE='libupnp'
PACKAGE_BUGREPORT='mroberto@users.sourceforge.net'
PACKAGE_NAME='libupnp'
PACKAGE_STRING='libupnp 1.6.20'
PACKAGE_TARNAME='libupnp'
PACKAGE_URL=''
PACKAGE_VERSION='1.6.20'
PATH_SEPARATOR=':'
PTHREAD_CC='gcc'
PTHREAD_CFLAGS='-pthread'
PTHREAD_LIBS=''
RANLIB='ranlib'
SED='/bin/sed'
SET_MAKE=''
SHELL='/bin/bash'
STRIP='strip'
VERSION='1.6.20'
WITH_DOCUMENTATION_FALSE=''
WITH_DOCUMENTATION_TRUE='#'
ac_ct_AR='ar'
ac_ct_CC='gcc'
ac_ct_DUMPBIN=''
acx_pthread_config=''
am__EXEEXT_FALSE=''
am__EXEEXT_TRUE='#'
am__fastdepCC_FALSE='#'
am__fastdepCC_TRUE=''
am__include='include'
am__isrc=''
am__leading_dot='.'
am__nodep='_no'
am__quote=''
am__tar='$${TAR-tar} chof - "$$tardir"'
am__untar='$${TAR-tar} xf -'
bindir='${exec_prefix}/bin'
build='x86_64-unknown-linux-gnu'
build_alias=''
build_cpu='x86_64'
build_os='linux-gnu'
build_vendor='unknown'
datadir='${datarootdir}'
datarootdir='${prefix}/share'
docdir='${datarootdir}/doc/libupnp-1.6.20'
dvidir='${docdir}'
exec_prefix='${prefix}'
host='x86_64-unknown-linux-gnu'
host_alias=''
host_cpu='x86_64'
host_os='linux-gnu'
host_vendor='unknown'
htmldir='${docdir}'
includedir='${prefix}/include'
infodir='${datarootdir}/info'
install_sh='${SHELL} /home/heenbo/work/test/test_upnp_lib-2/libupnp-1.6.20/build-aux/install-sh'
libdir='${exec_prefix}/lib'
libexecdir='${exec_prefix}/libexec'
localedir='${datarootdir}/locale'
localstatedir='${prefix}/var'
mandir='${datarootdir}/man'
mkdir_p='$(MKDIR_P)'
oldincludedir='/usr/include'
pdfdir='${docdir}'
prefix='/usr/local'
program_transform_name='s,x,x,'
psdir='${docdir}'
sbindir='${exec_prefix}/sbin'
sharedstatedir='${prefix}/com'
sysconfdir='${prefix}/etc'
target_alias=''

## ----------- ##
## confdefs.h. ##
## ----------- ##

/* confdefs.h */
#define PACKAGE_NAME "libupnp"
#define PACKAGE_TARNAME "libupnp"
#define PACKAGE_VERSION "1.6.20"
#define PACKAGE_STRING "libupnp 1.6.20"
#define PACKAGE_BUGREPORT "mroberto@users.sourceforge.net"
#define PACKAGE_URL ""
#define PACKAGE "libupnp"
#define VERSION "1.6.20"
#define UPNP_VERSION_STRING "1.6.20"
#define UPNP_VERSION_MAJOR 1
#define UPNP_VERSION_MINOR 6
#define UPNP_VERSION_PATCH 20
#define NO_DEBUG 1
#define NDEBUG 1
#define UPNP_HAVE_CLIENT 1
#define UPNP_HAVE_DEVICE 1
#define UPNP_HAVE_WEBSERVER 1
#define UPNP_HAVE_SSDP 1
#define UPNP_HAVE_OPTSSDP 1
#define UPNP_HAVE_SOAP 1
#define UPNP_HAVE_GENA 1
#define UPNP_HAVE_TOOLS 1
#define UPNP_ENABLE_NOTIFICATION_REORDERING 1
#define UPNP_ENABLE_BLOCKING_TCP_CONNECTIONS 1
#define STDC_HEADERS 1
#define HAVE_SYS_TYPES_H 1
#define HAVE_SYS_STAT_H 1
#define HAVE_STDLIB_H 1
#define HAVE_STRING_H 1
#define HAVE_MEMORY_H 1
#define HAVE_STRINGS_H 1
#define HAVE_INTTYPES_H 1
#define HAVE_STDINT_H 1
#define HAVE_UNISTD_H 1
#define HAVE_DLFCN_H 1
#define LT_OBJDIR ".libs/"
#define _LARGE_FILE_SOURCE /**/
#define _FILE_OFFSET_BITS 64
#define STDC_HEADERS 1
#define HAVE_ARPA_INET_H 1
#define HAVE_FCNTL_H 1
#define HAVE_INTTYPES_H 1
#define HAVE_LIMITS_H 1
#define HAVE_NETDB_H 1
#define HAVE_NETINET_IN_H 1
#define HAVE_STDLIB_H 1
#define HAVE_STRING_H 1
#define HAVE_SYS_IOCTL_H 1
#define HAVE_SYS_SOCKET_H 1
#define HAVE_SYS_TIME_H 1
#define HAVE_SYSLOG_H 1
#define HAVE_UNISTD_H 1
#define HAVE_SYS_TYPES_H 1
#define HAVE_SYS_SOCKET_H 1
#define HAVE_VPRINTF 1
#define HAVE_FSEEKO 1
#define HAVE_STRNLEN 1
#define HAVE_STRNDUP 1
#define HAVE_PTHREAD 1
#define UPNP_USE_RWLOCK 1

configure: exit 0
